<?xml version="1.0" encoding="UTF-8" ?>
<testsuite failures="0" time="2.091" errors="0" skipped="0" tests="4" name="ch.sbb.releasetrain.utils.http.HttpUtilTest">
  <properties>
    <property name="java.runtime.name" value="Java(TM) SE Runtime Environment"/>
    <property name="sun.boot.library.path" value="/server/jdk/jre/lib/amd64"/>
    <property name="java.vm.version" value="24.72-b04"/>
    <property name="releaseVersion" value="0.0.16"/>
    <property name="java.vm.vendor" value="Oracle Corporation"/>
    <property name="maven.multiModuleProjectDirectory" value="/root/.jenkins/jobs/releasetrain-release/workspace"/>
    <property name="java.vendor.url" value="http://java.oracle.com/"/>
    <property name="path.separator" value=":"/>
    <property name="guice.disable.misplaced.annotation.check" value="true"/>
    <property name="java.vm.name" value="Java HotSpot(TM) 64-Bit Server VM"/>
    <property name="file.encoding.pkg" value="sun.io"/>
    <property name="user.country" value="US"/>
    <property name="sun.java.launcher" value="SUN_STANDARD"/>
    <property name="sun.os.patch.level" value="unknown"/>
    <property name="java.vm.specification.name" value="Java Virtual Machine Specification"/>
    <property name="user.dir" value="/root/.jenkins/jobs/releasetrain-release/workspace"/>
    <property name="java.runtime.version" value="1.7.0_72-b14"/>
    <property name="java.awt.graphicsenv" value="sun.awt.X11GraphicsEnvironment"/>
    <property name="java.endorsed.dirs" value="/server/jdk/jre/lib/endorsed"/>
    <property name="os.arch" value="amd64"/>
    <property name="java.io.tmpdir" value="/root/.jenkins/jobs/releasetrain-release/workspace/tmp"/>
    <property name="line.separator" value="
"/>
    <property name="java.vm.specification.vendor" value="Oracle Corporation"/>
    <property name="os.name" value="Linux"/>
    <property name="classworlds.conf" value="/root/.jenkins/tools/hudson.tasks.Maven_MavenInstallation/3.3.9/bin/m2.conf"/>
    <property name="sun.jnu.encoding" value="ANSI_X3.4-1968"/>
    <property name="java.library.path" value="/usr/java/packages/lib/amd64:/usr/lib64:/lib64:/lib:/usr/lib"/>
    <property name="java.specification.name" value="Java Platform API Specification"/>
    <property name="java.class.version" value="51.0"/>
    <property name="sun.management.compiler" value="HotSpot 64-Bit Tiered Compilers"/>
    <property name="os.version" value="2.6.32-042stab113.11"/>
    <property name="user.home" value="/root"/>
    <property name="user.timezone" value="Etc/UTC"/>
    <property name="java.awt.printerjob" value="sun.print.PSPrinterJob"/>
    <property name="java.specification.version" value="1.7"/>
    <property name="file.encoding" value="ANSI_X3.4-1968"/>
    <property name="user.name" value="root"/>
    <property name="java.class.path" value="/root/.jenkins/tools/hudson.tasks.Maven_MavenInstallation/3.3.9/boot/plexus-classworlds-2.5.2.jar"/>
    <property name="java.vm.specification.version" value="1.7"/>
    <property name="sun.arch.data.model" value="64"/>
    <property name="java.home" value="/server/jdk/jre"/>
    <property name="sun.java.command" value="org.codehaus.plexus.classworlds.launcher.Launcher -f pom.xml -s /root/settings.xml -DsnapshotVersion=0.0.17-SNAPSHOT -DreleaseVersion=0.0.16 -Dgithub=katrum90 clean deploy -Prelease -Djava.io.tmpdir=/root/.jenkins/jobs/releasetrain-release/workspace/tmp"/>
    <property name="java.specification.vendor" value="Oracle Corporation"/>
    <property name="user.language" value="en"/>
    <property name="awt.toolkit" value="sun.awt.X11.XToolkit"/>
    <property name="java.vm.info" value="mixed mode"/>
    <property name="github" value="katrum90"/>
    <property name="java.version" value="1.7.0_72"/>
    <property name="java.ext.dirs" value="/server/jdk/jre/lib/ext:/usr/java/packages/lib/ext"/>
    <property name="securerandom.source" value="file:/dev/./urandom"/>
    <property name="sun.boot.class.path" value="/server/jdk/jre/lib/resources.jar:/server/jdk/jre/lib/rt.jar:/server/jdk/jre/lib/sunrsasign.jar:/server/jdk/jre/lib/jsse.jar:/server/jdk/jre/lib/jce.jar:/server/jdk/jre/lib/charsets.jar:/server/jdk/jre/lib/jfr.jar:/server/jdk/jre/classes"/>
    <property name="java.vendor" value="Oracle Corporation"/>
    <property name="maven.home" value="/root/.jenkins/tools/hudson.tasks.Maven_MavenInstallation/3.3.9"/>
    <property name="file.separator" value="/"/>
    <property name="java.vendor.url.bug" value="http://bugreport.sun.com/bugreport/"/>
    <property name="sun.cpu.endian" value="little"/>
    <property name="sun.io.unicode.encoding" value="UnicodeLittle"/>
    <property name="snapshotVersion" value="0.0.17-SNAPSHOT"/>
    <property name="sun.cpu.isalist" value=""/>
    <property name="newVersion" value="0.0.16"/>
  </properties>
  <testcase time="1.207" classname="ch.sbb.releasetrain.utils.http.HttpUtilTest" name="testPostBasic"/>
  <testcase time="0.498" classname="ch.sbb.releasetrain.utils.http.HttpUtilTest" name="testGetBasic"/>
  <testcase time="0.212" classname="ch.sbb.releasetrain.utils.http.HttpUtilTest" name="testGetGoogle"/>
  <testcase time="0.174" classname="ch.sbb.releasetrain.utils.http.HttpUtilTest" name="testGetStream"/>
</testsuite>